<?xml version="1.0" encoding="UTF-8"?>
<!-- Generated by org.testng.reporters.JUnitXMLReporter -->
<testsuite hostname="UmaSundar" ignored="0" name="Default test(failed)" tests="1" failures="0" timestamp="09 Mar 2018 16:54:23 GMT" time="4.517" errors="0">
  <testcase name="@BeforeMethod loadproperty" time="0.001" classname="com.Zipzap.base.LoginPage">
    <failure type="java.lang.NullPointerException">
      <![CDATA[java.lang.NullPointerException
	at java.io.File.<init>(Unknown Source)
	at com.Zipzap.base.LoginPage.loadproperty(LoginPage.java:26)
... Removed 27 stack frames]]>
    </failure>
  </testcase> <!-- @BeforeMethod loadproperty -->
  <testcase name="getProperty" time="0.001" classname="com.Zipzap.base.LoginPage">
    <skipped/>
  </testcase> <!-- getProperty -->
</testsuite> <!-- Default test(failed) -->
