<?xml version="1.0" encoding="UTF-8"?>
<testng-results skipped="0" failed="0" ignored="0" total="1" passed="1">
  <reporter-output>
  </reporter-output>
  <suite name="Default suite" duration-ms="12058" started-at="2018-03-12T04:28:26Z" finished-at="2018-03-12T04:28:38Z">
    <groups>
    </groups>
    <test name="Default test" duration-ms="12058" started-at="2018-03-12T04:28:26Z" finished-at="2018-03-12T04:28:38Z">
      <class name="com.Zipzap.UIMapLoginTest">
        <test-method status="PASS" signature="setUp()[pri:0, instance:com.Zipzap.UIMapLoginTest@7823a2f9]" name="setUp" is-config="true" duration-ms="6472" started-at="2018-03-12T00:28:26Z" finished-at="2018-03-12T00:28:33Z">
          <reporter-output>
          </reporter-output>
        </test-method> <!-- setUp -->
        <test-method status="PASS" signature="login()[pri:1, instance:com.Zipzap.UIMapLoginTest@7823a2f9]" name="login" duration-ms="5300" started-at="2018-03-12T00:28:33Z" finished-at="2018-03-12T00:28:38Z">
          <reporter-output>
          </reporter-output>
        </test-method> <!-- login -->
        <test-method status="PASS" signature="afterMethod()[pri:0, instance:com.Zipzap.UIMapLoginTest@7823a2f9]" name="afterMethod" is-config="true" duration-ms="266" started-at="2018-03-12T00:28:38Z" finished-at="2018-03-12T00:28:38Z">
          <reporter-output>
          </reporter-output>
        </test-method> <!-- afterMethod -->
      </class> <!-- com.Zipzap.UIMapLoginTest -->
    </test> <!-- Default test -->
  </suite> <!-- Default suite -->
</testng-results>
