<?xml version="1.0" encoding="UTF-8"?>
<testng-results skipped="0" failed="0" ignored="0" total="1" passed="1">
  <reporter-output>
  </reporter-output>
  <suite name="Default suite" duration-ms="12020" started-at="2018-03-11T07:47:50Z" finished-at="2018-03-11T07:48:02Z">
    <groups>
    </groups>
    <test name="Default test" duration-ms="12020" started-at="2018-03-11T07:47:50Z" finished-at="2018-03-11T07:48:02Z">
      <class name="com.Zipzap.UIMapLoginTest">
        <test-method status="PASS" signature="setUp()[pri:0, instance:com.Zipzap.UIMapLoginTest@7823a2f9]" name="setUp" is-config="true" duration-ms="6172" started-at="2018-03-11T03:47:50Z" finished-at="2018-03-11T03:47:56Z">
          <reporter-output>
          </reporter-output>
        </test-method> <!-- setUp -->
        <test-method status="PASS" signature="login()[pri:1, instance:com.Zipzap.UIMapLoginTest@7823a2f9]" name="login" duration-ms="5512" started-at="2018-03-11T03:47:56Z" finished-at="2018-03-11T03:48:02Z">
          <reporter-output>
          </reporter-output>
        </test-method> <!-- login -->
        <test-method status="PASS" signature="afterMethod()[pri:0, instance:com.Zipzap.UIMapLoginTest@7823a2f9]" name="afterMethod" is-config="true" duration-ms="312" started-at="2018-03-11T03:48:02Z" finished-at="2018-03-11T03:48:02Z">
          <reporter-output>
          </reporter-output>
        </test-method> <!-- afterMethod -->
      </class> <!-- com.Zipzap.UIMapLoginTest -->
    </test> <!-- Default test -->
  </suite> <!-- Default suite -->
</testng-results>
